Arguments: 
  /Users/josh/.nvm/versions/node/v10.15.3/bin/node /Users/josh/.nvm/versions/node/v10.15.3/bin/yarn

PATH: 
  /Users/josh/.nvm/versions/node/v10.15.3/bin:/usr/local/bin:/usr/bin:/bin:/usr/sbin:/sbin:/usr/local/share/dotnet:~/.dotnet/tools:/Library/Apple/usr/bin:/Library/Frameworks/Mono.framework/Versions/Current/Commands

Yarn version: 
  1.22.4

Node version: 
  10.15.3

Platform: 
  darwin x64

Trace: 
  Error: https://registry.yarnpkg.com/@vue%2fcli-plugin-babel: Not found
      at Request.params.callback [as _callback] (/Users/josh/.nvm/versions/node/v10.15.3/lib/node_modules/yarn/lib/cli.js:66987:18)
      at Request.self.callback (/Users/josh/.nvm/versions/node/v10.15.3/lib/node_modules/yarn/lib/cli.js:140748:22)
      at Request.emit (events.js:189:13)
      at Request.<anonymous> (/Users/josh/.nvm/versions/node/v10.15.3/lib/node_modules/yarn/lib/cli.js:141720:10)
      at Request.emit (events.js:189:13)
      at IncomingMessage.<anonymous> (/Users/josh/.nvm/versions/node/v10.15.3/lib/node_modules/yarn/lib/cli.js:141642:12)
      at Object.onceWrapper (events.js:277:13)
      at IncomingMessage.emit (events.js:194:15)
      at endReadableNT (_stream_readable.js:1125:12)
      at process._tickCallback (internal/process/next_tick.js:63:19)

npm manifest: 
  {
    "name": "vue-pwa-starter",
    "version": "0.1.0",
    "private": true,
    "scripts": {
      "serve": "vue-cli-service serve",
      "build": "vue-cli-service build"
    },
    "dependencies": {
      "ansi-regex": "^5.0.0",
      "html-entities": "^1.3.1",
      "register-service-worker": "^1.6.2",
      "strip-ansi": "^6.0.0",
      "tailwindcss": "^1.6.2",
      "vue": "^2.6.6",
      "vue-quaggajs": "^1.0.12",
      "vue-router": "^3.0.1",
      "vuex": "^3.0.1"
    },
    "devDependencies": {
      "@vue/cli-plugin-babel": "^3.5.0",
      "@vue/cli-plugin-pwa": "^3.5.0",
      "@vue/cli-service": "^3.5.0",
      "node-sass": "^4.9.0",
      "sass-loader": "^7.1.0",
      "vue-template-compiler": "^2.5.21"
    }
  }

yarn manifest: 
  No manifest

Lockfile: 
  No lockfile
